1736032962.621065 client started (91792): version 3.5a, socket /tmp/tmux-1000/default, protocol 8
1736032962.621108 on Linux 6.6.68 #1-NixOS SMP PREEMPT_DYNAMIC Fri Dec 27 12:58:58 UTC 2024
1736032962.621114 using libevent 2.1.12-stable poll
1736032962.621126 using utf8proc 2.9.0
1736032962.621130 using ncurses 6.4 20221231
1736032962.621159 flags are 0x18010000
1736032962.621178 socket is /tmp/tmux-1000/default
1736032962.621195 trying connect
1736032962.621216 connect failed: Connection refused
1736032962.621229 lock file is /tmp/tmux-1000/default.lock
1736032962.621269 flock succeeded
1736032962.621273 got lock (6)
1736032962.621280 trying connect
1736032962.621289 connect failed: Connection refused
1736032962.621703 add peer 0x2c1986d0: 7 ((nil))
1736032962.622354 sending message 111 to peer 0x2c1986d0 (8 bytes)
1736032962.622366 sending message 111 to peer 0x2c1986d0 (8 bytes)
1736032962.622372 sending message 101 to peer 0x2c1986d0 (12 bytes)
1736032962.622376 sending message 109 to peer 0x2c1986d0 (4 bytes)
1736032962.622380 sending message 102 to peer 0x2c1986d0 (11 bytes)
1736032962.622384 sending message 108 to peer 0x2c1986d0 (38 bytes)
1736032962.622388 sending message 112 to peer 0x2c1986d0 (70 bytes)
1736032962.622392 sending message 112 to peer 0x2c1986d0 (5 bytes)
1736032962.622396 sending message 112 to peer 0x2c1986d0 (6 bytes)
1736032962.622399 sending message 112 to peer 0x2c1986d0 (6 bytes)
1736032962.622403 sending message 112 to peer 0x2c1986d0 (10 bytes)
1736032962.622407 sending message 112 to peer 0x2c1986d0 (13 bytes)
1736032962.622411 sending message 112 to peer 0x2c1986d0 (14 bytes)
1736032962.622415 sending message 112 to peer 0x2c1986d0 (19 bytes)
1736032962.622418 sending message 112 to peer 0x2c1986d0 (11 bytes)
1736032962.622422 sending message 112 to peer 0x2c1986d0 (10 bytes)
1736032962.622426 sending message 112 to peer 0x2c1986d0 (15 bytes)
1736032962.622429 sending message 112 to peer 0x2c1986d0 (21 bytes)
1736032962.622433 sending message 112 to peer 0x2c1986d0 (13 bytes)
1736032962.622437 sending message 112 to peer 0x2c1986d0 (7 bytes)
1736032962.622441 sending message 112 to peer 0x2c1986d0 (13 bytes)
1736032962.622444 sending message 112 to peer 0x2c1986d0 (7 bytes)
1736032962.622448 sending message 112 to peer 0x2c1986d0 (13 bytes)
1736032962.622452 sending message 112 to peer 0x2c1986d0 (9 bytes)
1736032962.622455 sending message 112 to peer 0x2c1986d0 (21 bytes)
1736032962.622459 sending message 112 to peer 0x2c1986d0 (13 bytes)
1736032962.622463 sending message 112 to peer 0x2c1986d0 (9 bytes)
1736032962.622467 sending message 112 to peer 0x2c1986d0 (16 bytes)
1736032962.622470 sending message 112 to peer 0x2c1986d0 (13 bytes)
1736032962.622474 sending message 112 to peer 0x2c1986d0 (9 bytes)
1736032962.622478 sending message 112 to peer 0x2c1986d0 (9 bytes)
1736032962.622481 sending message 112 to peer 0x2c1986d0 (12 bytes)
1736032962.622485 sending message 112 to peer 0x2c1986d0 (8 bytes)
1736032962.622489 sending message 112 to peer 0x2c1986d0 (13 bytes)
1736032962.622493 sending message 112 to peer 0x2c1986d0 (7 bytes)
1736032962.622496 sending message 112 to peer 0x2c1986d0 (7 bytes)
1736032962.622500 sending message 112 to peer 0x2c1986d0 (9 bytes)
1736032962.622504 sending message 112 to peer 0x2c1986d0 (6 bytes)
1736032962.622507 sending message 112 to peer 0x2c1986d0 (9 bytes)
1736032962.622511 sending message 112 to peer 0x2c1986d0 (15 bytes)
1736032962.622515 sending message 112 to peer 0x2c1986d0 (13 bytes)
1736032962.622518 sending message 112 to peer 0x2c1986d0 (12 bytes)
1736032962.622522 sending message 112 to peer 0x2c1986d0 (8 bytes)
1736032962.622526 sending message 112 to peer 0x2c1986d0 (14 bytes)
1736032962.622529 sending message 112 to peer 0x2c1986d0 (9 bytes)
1736032962.622533 sending message 112 to peer 0x2c1986d0 (10 bytes)
1736032962.622537 sending message 112 to peer 0x2c1986d0 (10 bytes)
1736032962.622540 sending message 112 to peer 0x2c1986d0 (10 bytes)
1736032962.622544 sending message 112 to peer 0x2c1986d0 (10 bytes)
1736032962.622548 sending message 112 to peer 0x2c1986d0 (11 bytes)
1736032962.622563 sending message 112 to peer 0x2c1986d0 (12 bytes)
1736032962.622567 sending message 112 to peer 0x2c1986d0 (12 bytes)
1736032962.622571 sending message 112 to peer 0x2c1986d0 (12 bytes)
1736032962.622575 sending message 112 to peer 0x2c1986d0 (12 bytes)
1736032962.622579 sending message 112 to peer 0x2c1986d0 (12 bytes)
1736032962.622582 sending message 112 to peer 0x2c1986d0 (11 bytes)
1736032962.622586 sending message 112 to peer 0x2c1986d0 (11 bytes)
1736032962.622590 sending message 112 to peer 0x2c1986d0 (12 bytes)
1736032962.622593 sending message 112 to peer 0x2c1986d0 (12 bytes)
1736032962.622597 sending message 112 to peer 0x2c1986d0 (12 bytes)
1736032962.622601 sending message 112 to peer 0x2c1986d0 (12 bytes)
1736032962.622604 sending message 112 to peer 0x2c1986d0 (12 bytes)
1736032962.622608 sending message 112 to peer 0x2c1986d0 (9 bytes)
1736032962.622612 sending message 112 to peer 0x2c1986d0 (12 bytes)
1736032962.622615 sending message 112 to peer 0x2c1986d0 (13 bytes)
1736032962.622619 sending message 112 to peer 0x2c1986d0 (13 bytes)
1736032962.622623 sending message 112 to peer 0x2c1986d0 (13 bytes)
1736032962.622626 sending message 112 to peer 0x2c1986d0 (13 bytes)
1736032962.622630 sending message 112 to peer 0x2c1986d0 (13 bytes)
1736032962.622634 sending message 112 to peer 0x2c1986d0 (8 bytes)
1736032962.622652 sending message 112 to peer 0x2c1986d0 (11 bytes)
1736032962.622656 sending message 112 to peer 0x2c1986d0 (11 bytes)
1736032962.622660 sending message 112 to peer 0x2c1986d0 (11 bytes)
1736032962.622664 sending message 112 to peer 0x2c1986d0 (12 bytes)
1736032962.622668 sending message 112 to peer 0x2c1986d0 (12 bytes)
1736032962.622671 sending message 112 to peer 0x2c1986d0 (13 bytes)
1736032962.622675 sending message 112 to peer 0x2c1986d0 (12 bytes)
1736032962.622679 sending message 112 to peer 0x2c1986d0 (13 bytes)
1736032962.622683 sending message 112 to peer 0x2c1986d0 (13 bytes)
1736032962.622686 sending message 112 to peer 0x2c1986d0 (13 bytes)
1736032962.622690 sending message 112 to peer 0x2c1986d0 (8 bytes)
1736032962.622694 sending message 112 to peer 0x2c1986d0 (13 bytes)
1736032962.622698 sending message 112 to peer 0x2c1986d0 (13 bytes)
1736032962.622701 sending message 112 to peer 0x2c1986d0 (13 bytes)
1736032962.622705 sending message 112 to peer 0x2c1986d0 (13 bytes)
1736032962.622709 sending message 112 to peer 0x2c1986d0 (13 bytes)
1736032962.622713 sending message 112 to peer 0x2c1986d0 (12 bytes)
1736032962.622716 sending message 112 to peer 0x2c1986d0 (12 bytes)
1736032962.622720 sending message 112 to peer 0x2c1986d0 (13 bytes)
1736032962.622724 sending message 112 to peer 0x2c1986d0 (12 bytes)
1736032962.622728 sending message 112 to peer 0x2c1986d0 (13 bytes)
1736032962.622731 sending message 112 to peer 0x2c1986d0 (8 bytes)
1736032962.622735 sending message 112 to peer 0x2c1986d0 (13 bytes)
1736032962.622739 sending message 112 to peer 0x2c1986d0 (13 bytes)
1736032962.622743 sending message 112 to peer 0x2c1986d0 (13 bytes)
1736032962.622746 sending message 112 to peer 0x2c1986d0 (13 bytes)
1736032962.622750 sending message 112 to peer 0x2c1986d0 (13 bytes)
1736032962.622754 sending message 112 to peer 0x2c1986d0 (13 bytes)
1736032962.622758 sending message 112 to peer 0x2c1986d0 (13 bytes)
1736032962.622761 sending message 112 to peer 0x2c1986d0 (12 bytes)
1736032962.622765 sending message 112 to peer 0x2c1986d0 (12 bytes)
1736032962.622769 sending message 112 to peer 0x2c1986d0 (13 bytes)
1736032962.622772 sending message 112 to peer 0x2c1986d0 (8 bytes)
1736032962.622776 sending message 112 to peer 0x2c1986d0 (12 bytes)
1736032962.622780 sending message 112 to peer 0x2c1986d0 (13 bytes)
1736032962.622784 sending message 112 to peer 0x2c1986d0 (13 bytes)
1736032962.622788 sending message 112 to peer 0x2c1986d0 (13 bytes)
1736032962.622791 sending message 112 to peer 0x2c1986d0 (13 bytes)
1736032962.622795 sending message 112 to peer 0x2c1986d0 (13 bytes)
1736032962.622799 sending message 112 to peer 0x2c1986d0 (13 bytes)
1736032962.622807 sending message 112 to peer 0x2c1986d0 (13 bytes)
1736032962.622811 sending message 112 to peer 0x2c1986d0 (13 bytes)
1736032962.622814 sending message 112 to peer 0x2c1986d0 (12 bytes)
1736032962.622818 sending message 112 to peer 0x2c1986d0 (10 bytes)
1736032962.622822 sending message 112 to peer 0x2c1986d0 (12 bytes)
1736032962.622826 sending message 112 to peer 0x2c1986d0 (13 bytes)
1736032962.622829 sending message 112 to peer 0x2c1986d0 (12 bytes)
1736032962.622833 sending message 112 to peer 0x2c1986d0 (13 bytes)
1736032962.622837 sending message 112 to peer 0x2c1986d0 (13 bytes)
1736032962.622841 sending message 112 to peer 0x2c1986d0 (13 bytes)
1736032962.622844 sending message 112 to peer 0x2c1986d0 (13 bytes)
1736032962.622848 sending message 112 to peer 0x2c1986d0 (13 bytes)
1736032962.622852 sending message 112 to peer 0x2c1986d0 (13 bytes)
1736032962.622855 sending message 112 to peer 0x2c1986d0 (13 bytes)
1736032962.622859 sending message 112 to peer 0x2c1986d0 (10 bytes)
1736032962.622863 sending message 112 to peer 0x2c1986d0 (13 bytes)
1736032962.622867 sending message 112 to peer 0x2c1986d0 (12 bytes)
1736032962.622870 sending message 112 to peer 0x2c1986d0 (12 bytes)
1736032962.622874 sending message 112 to peer 0x2c1986d0 (13 bytes)
1736032962.622878 sending message 112 to peer 0x2c1986d0 (10 bytes)
1736032962.622881 sending message 112 to peer 0x2c1986d0 (10 bytes)
1736032962.622885 sending message 112 to peer 0x2c1986d0 (10 bytes)
1736032962.622889 sending message 112 to peer 0x2c1986d0 (12 bytes)
1736032962.622893 sending message 112 to peer 0x2c1986d0 (13 bytes)
1736032962.622896 sending message 112 to peer 0x2c1986d0 (13 bytes)
1736032962.622900 sending message 112 to peer 0x2c1986d0 (13 bytes)
1736032962.622904 sending message 112 to peer 0x2c1986d0 (13 bytes)
1736032962.622907 sending message 112 to peer 0x2c1986d0 (13 bytes)
1736032962.622911 sending message 112 to peer 0x2c1986d0 (10 bytes)
1736032962.622915 sending message 112 to peer 0x2c1986d0 (11 bytes)
1736032962.622919 sending message 112 to peer 0x2c1986d0 (12 bytes)
1736032962.622922 sending message 112 to peer 0x2c1986d0 (12 bytes)
1736032962.622926 sending message 112 to peer 0x2c1986d0 (12 bytes)
1736032962.622930 sending message 112 to peer 0x2c1986d0 (12 bytes)
1736032962.622933 sending message 112 to peer 0x2c1986d0 (12 bytes)
1736032962.622937 sending message 112 to peer 0x2c1986d0 (11 bytes)
1736032962.622941 sending message 112 to peer 0x2c1986d0 (12 bytes)
1736032962.622945 sending message 112 to peer 0x2c1986d0 (12 bytes)
1736032962.622949 sending message 112 to peer 0x2c1986d0 (13 bytes)
1736032962.622954 sending message 112 to peer 0x2c1986d0 (13 bytes)
1736032962.622960 sending message 112 to peer 0x2c1986d0 (13 bytes)
1736032962.622966 sending message 112 to peer 0x2c1986d0 (13 bytes)
1736032962.622972 sending message 112 to peer 0x2c1986d0 (13 bytes)
1736032962.622978 sending message 112 to peer 0x2c1986d0 (10 bytes)
1736032962.622984 sending message 112 to peer 0x2c1986d0 (9 bytes)
1736032962.622989 sending message 112 to peer 0x2c1986d0 (12 bytes)
1736032962.622994 sending message 112 to peer 0x2c1986d0 (13 bytes)
1736032962.622999 sending message 112 to peer 0x2c1986d0 (13 bytes)
1736032962.623004 sending message 112 to peer 0x2c1986d0 (13 bytes)
1736032962.623010 sending message 112 to peer 0x2c1986d0 (13 bytes)
1736032962.623016 sending message 112 to peer 0x2c1986d0 (13 bytes)
1736032962.623021 sending message 112 to peer 0x2c1986d0 (9 bytes)
1736032962.623026 sending message 112 to peer 0x2c1986d0 (12 bytes)
1736032962.623031 sending message 112 to peer 0x2c1986d0 (13 bytes)
1736032962.623036 sending message 112 to peer 0x2c1986d0 (13 bytes)
1736032962.623041 sending message 112 to peer 0x2c1986d0 (13 bytes)
1736032962.623046 sending message 112 to peer 0x2c1986d0 (13 bytes)
1736032962.623052 sending message 112 to peer 0x2c1986d0 (13 bytes)
1736032962.623057 sending message 112 to peer 0x2c1986d0 (11 bytes)
1736032962.623063 sending message 112 to peer 0x2c1986d0 (12 bytes)
1736032962.623075 sending message 112 to peer 0x2c1986d0 (13 bytes)
1736032962.623081 sending message 112 to peer 0x2c1986d0 (13 bytes)
1736032962.623087 sending message 112 to peer 0x2c1986d0 (13 bytes)
1736032962.623092 sending message 112 to peer 0x2c1986d0 (13 bytes)
1736032962.623097 sending message 112 to peer 0x2c1986d0 (13 bytes)
1736032962.623103 sending message 112 to peer 0x2c1986d0 (11 bytes)
1736032962.623108 sending message 112 to peer 0x2c1986d0 (12 bytes)
1736032962.623114 sending message 112 to peer 0x2c1986d0 (12 bytes)
1736032962.623119 sending message 112 to peer 0x2c1986d0 (12 bytes)
1736032962.623125 sending message 112 to peer 0x2c1986d0 (12 bytes)
1736032962.623130 sending message 112 to peer 0x2c1986d0 (12 bytes)
1736032962.623136 sending message 112 to peer 0x2c1986d0 (22 bytes)
1736032962.623142 sending message 112 to peer 0x2c1986d0 (12 bytes)
1736032962.623149 sending message 112 to peer 0x2c1986d0 (9 bytes)
1736032962.623155 sending message 112 to peer 0x2c1986d0 (6 bytes)
1736032962.623161 sending message 112 to peer 0x2c1986d0 (13 bytes)
1736032962.623167 sending message 112 to peer 0x2c1986d0 (10 bytes)
1736032962.623173 sending message 112 to peer 0x2c1986d0 (15 bytes)
1736032962.623179 sending message 112 to peer 0x2c1986d0 (11 bytes)
1736032962.623184 sending message 112 to peer 0x2c1986d0 (9 bytes)
1736032962.623190 sending message 112 to peer 0x2c1986d0 (70 bytes)
1736032962.623196 sending message 112 to peer 0x2c1986d0 (69 bytes)
1736032962.623202 sending message 112 to peer 0x2c1986d0 (34 bytes)
1736032962.623209 sending message 112 to peer 0x2c1986d0 (34 bytes)
1736032962.623216 sending message 112 to peer 0x2c1986d0 (69 bytes)
1736032962.623222 sending message 112 to peer 0x2c1986d0 (12 bytes)
1736032962.623227 sending message 112 to peer 0x2c1986d0 (10 bytes)
1736032962.623234 sending message 112 to peer 0x2c1986d0 (10 bytes)
1736032962.623240 sending message 112 to peer 0x2c1986d0 (15 bytes)
1736032962.623246 sending message 112 to peer 0x2c1986d0 (11 bytes)
1736032962.623252 sending message 112 to peer 0x2c1986d0 (10 bytes)
1736032962.623258 sending message 112 to peer 0x2c1986d0 (10 bytes)
1736032962.623264 sending message 112 to peer 0x2c1986d0 (17 bytes)
1736032962.623270 sending message 112 to peer 0x2c1986d0 (10 bytes)
1736032962.623276 sending message 112 to peer 0x2c1986d0 (13 bytes)
1736032962.623282 sending message 112 to peer 0x2c1986d0 (17 bytes)
1736032962.623289 sending message 112 to peer 0x2c1986d0 (5 bytes)
1736032962.623295 sending message 112 to peer 0x2c1986d0 (9 bytes)
1736032962.623301 sending message 112 to peer 0x2c1986d0 (15 bytes)
1736032962.623307 sending message 104 to peer 0x2c1986d0 (0 bytes)
1736032962.623314 sending message 110 to peer 0x2c1986d0 (0 bytes)
1736032962.623321 sending message 107 to peer 0x2c1986d0 (4 bytes)
1736032962.623328 sending message 105 to peer 0x2c1986d0 (37 bytes)
1736032962.623334 sending message 105 to peer 0x2c1986d0 (110 bytes)
1736032962.623341 sending message 105 to peer 0x2c1986d0 (49 bytes)
1736032962.623347 sending message 105 to peer 0x2c1986d0 (245 bytes)
1736032962.623354 sending message 105 to peer 0x2c1986d0 (58 bytes)
1736032962.623360 sending message 105 to peer 0x2c1986d0 (60 bytes)
1736032962.623366 sending message 105 to peer 0x2c1986d0 (26 bytes)
1736032962.623371 sending message 105 to peer 0x2c1986d0 (103 bytes)
1736032962.623377 sending message 105 to peer 0x2c1986d0 (20 bytes)
1736032962.623384 sending message 105 to peer 0x2c1986d0 (41 bytes)
1736032962.623390 sending message 105 to peer 0x2c1986d0 (23 bytes)
1736032962.623396 sending message 105 to peer 0x2c1986d0 (20 bytes)
1736032962.623403 sending message 105 to peer 0x2c1986d0 (573 bytes)
1736032962.623409 sending message 105 to peer 0x2c1986d0 (25 bytes)
1736032962.623415 sending message 105 to peer 0x2c1986d0 (24 bytes)
1736032962.623421 sending message 105 to peer 0x2c1986d0 (64 bytes)
1736032962.623427 sending message 105 to peer 0x2c1986d0 (15 bytes)
1736032962.623433 sending message 105 to peer 0x2c1986d0 (16 bytes)
1736032962.623438 sending message 105 to peer 0x2c1986d0 (12 bytes)
1736032962.623452 sending message 105 to peer 0x2c1986d0 (15 bytes)
1736032962.623458 sending message 105 to peer 0x2c1986d0 (42 bytes)
1736032962.623464 sending message 105 to peer 0x2c1986d0 (185 bytes)
1736032962.623471 sending message 105 to peer 0x2c1986d0 (29 bytes)
1736032962.623477 sending message 105 to peer 0x2c1986d0 (19 bytes)
1736032962.623484 sending message 105 to peer 0x2c1986d0 (25 bytes)
1736032962.623491 sending message 105 to peer 0x2c1986d0 (155 bytes)
1736032962.623498 sending message 105 to peer 0x2c1986d0 (43 bytes)
1736032962.623505 sending message 105 to peer 0x2c1986d0 (22 bytes)
1736032962.623512 sending message 105 to peer 0x2c1986d0 (104 bytes)
1736032962.623519 sending message 105 to peer 0x2c1986d0 (21 bytes)
1736032962.623525 sending message 105 to peer 0x2c1986d0 (17 bytes)
1736032962.623531 sending message 105 to peer 0x2c1986d0 (17 bytes)
1736032962.623538 sending message 105 to peer 0x2c1986d0 (30 bytes)
1736032962.623544 sending message 105 to peer 0x2c1986d0 (29 bytes)
1736032962.623551 sending message 105 to peer 0x2c1986d0 (119 bytes)
1736032962.623558 sending message 105 to peer 0x2c1986d0 (112 bytes)
1736032962.623565 sending message 105 to peer 0x2c1986d0 (26 bytes)
1736032962.623572 sending message 105 to peer 0x2c1986d0 (95 bytes)
1736032962.623579 sending message 105 to peer 0x2c1986d0 (52 bytes)
1736032962.623586 sending message 105 to peer 0x2c1986d0 (14 bytes)
1736032962.623593 sending message 105 to peer 0x2c1986d0 (63 bytes)
1736032962.623601 sending message 105 to peer 0x2c1986d0 (449 bytes)
1736032962.623608 sending message 105 to peer 0x2c1986d0 (23 bytes)
1736032962.623615 sending message 105 to peer 0x2c1986d0 (30 bytes)
1736032962.623622 sending message 105 to peer 0x2c1986d0 (17 bytes)
1736032962.623630 sending message 105 to peer 0x2c1986d0 (741 bytes)
1736032962.623650 sending message 105 to peer 0x2c1986d0 (87 bytes)
1736032962.623670 sending message 105 to peer 0x2c1986d0 (16 bytes)
1736032962.623676 sending message 105 to peer 0x2c1986d0 (20 bytes)
1736032962.623681 sending message 105 to peer 0x2c1986d0 (53 bytes)
1736032962.623687 sending message 105 to peer 0x2c1986d0 (89 bytes)
1736032962.623694 sending message 105 to peer 0x2c1986d0 (11 bytes)
1736032962.623700 sending message 105 to peer 0x2c1986d0 (8 bytes)
1736032962.623707 sending message 105 to peer 0x2c1986d0 (21 bytes)
1736032962.623713 sending message 105 to peer 0x2c1986d0 (11 bytes)
1736032962.623719 sending message 105 to peer 0x2c1986d0 (25 bytes)
1736032962.623725 sending message 105 to peer 0x2c1986d0 (319 bytes)
1736032962.623731 sending message 105 to peer 0x2c1986d0 (27 bytes)
1736032962.623737 sending message 105 to peer 0x2c1986d0 (31 bytes)
1736032962.623742 sending message 105 to peer 0x2c1986d0 (11 bytes)
1736032962.623748 sending message 105 to peer 0x2c1986d0 (18 bytes)
1736032962.623754 sending message 105 to peer 0x2c1986d0 (64 bytes)
1736032962.623759 sending message 105 to peer 0x2c1986d0 (72 bytes)
1736032962.623765 sending message 105 to peer 0x2c1986d0 (276 bytes)
1736032962.623770 sending message 105 to peer 0x2c1986d0 (84 bytes)
1736032962.623775 sending message 105 to peer 0x2c1986d0 (31 bytes)
1736032962.623780 sending message 105 to peer 0x2c1986d0 (83 bytes)
1736032962.623785 sending message 105 to peer 0x2c1986d0 (20 bytes)
1736032962.623790 sending message 105 to peer 0x2c1986d0 (281 bytes)
1736032962.623795 sending message 105 to peer 0x2c1986d0 (24 bytes)
1736032962.623800 sending message 105 to peer 0x2c1986d0 (233 bytes)
1736032962.623806 sending message 105 to peer 0x2c1986d0 (628 bytes)
1736032962.623819 sending message 105 to peer 0x2c1986d0 (54 bytes)
1736032962.623825 sending message 105 to peer 0x2c1986d0 (23 bytes)
1736032962.623830 sending message 105 to peer 0x2c1986d0 (24 bytes)
1736032962.623836 sending message 105 to peer 0x2c1986d0 (34 bytes)
1736032962.623842 sending message 105 to peer 0x2c1986d0 (18 bytes)
1736032962.623848 sending message 105 to peer 0x2c1986d0 (20 bytes)
1736032962.623855 sending message 105 to peer 0x2c1986d0 (16 bytes)
1736032962.623868 sending message 105 to peer 0x2c1986d0 (60 bytes)
1736032962.623875 sending message 105 to peer 0x2c1986d0 (85 bytes)
1736032962.623880 sending message 105 to peer 0x2c1986d0 (90 bytes)
1736032962.623885 sending message 105 to peer 0x2c1986d0 (38 bytes)
1736032962.623891 sending message 105 to peer 0x2c1986d0 (37 bytes)
1736032962.623896 sending message 105 to peer 0x2c1986d0 (85 bytes)
1736032962.623903 sending message 105 to peer 0x2c1986d0 (8 bytes)
1736032962.623909 sending message 105 to peer 0x2c1986d0 (32 bytes)
1736032962.623915 sending message 105 to peer 0x2c1986d0 (1905 bytes)
1736032962.623964 sending message 106 to peer 0x2c1986d0 (0 bytes)
1736032962.624078 sending message 200 to peer 0x2c1986d0 (4 bytes)
1736032962.624086 client loop enter
1736032962.624115 client_signal: Child exited
1736032963.104606 peer 0x2c1986d0 message 207
1736032963.104620 sending message 208 to peer 0x2c1986d0 (0 bytes)
1736032965.466726 peer 0x2c1986d0 message 203
1736032965.466752 sending message 205 to peer 0x2c1986d0 (0 bytes)
1736032965.467114 peer 0x2c1986d0 message 204
1736032965.467122 client loop exit
